=== Q&A Session Log ===

Question 1: Who is the current president of Brazil?
First answer: Simulated answer for out-of-domain question: Who is the current president of Brazil?
Validation: RETRY: out-of-domain
Making second attempt...
Second answer: Simulated answer for out-of-domain question: Who is the current president of Brazil?
Second validation: RETRY: out-of-domain

---

Question 2: What is the square root of 64?
First answer: Simulated incorrect answer for: What is the square root of 64?
Validation: RETRY: answer differs from KB (expected: 8)
Making second attempt...
Second answer: Simulated incorrect answer for: What is the square root of 64?
Second validation: RETRY: answer differs from KB (expected: 8)

---

Question 3: What is the boiling point of water in Celsius?
First answer: 100
Validation: VALID

---

Question 4: What year did World War II end?
First answer: Simulated incorrect answer for: What year did World War II end?
Validation: RETRY: answer differs from KB (expected: 1945)
Making second attempt...
Second answer: Simulated incorrect answer for: What year did World War II end?
Second validation: RETRY: answer differs from KB (expected: 1945)

---

Question 5: What is the capital of Australia?
First answer: Simulated answer for out-of-domain question: What is the capital of Australia?
Validation: RETRY: out-of-domain
Making second attempt...
Second answer: Simulated answer for out-of-domain question: What is the capital of Australia?
Second validation: RETRY: out-of-domain

---

Question 6: Who painted the Mona Lisa?
First answer: Leonardo da Vinci
Validation: VALID

---

Question 7: What is the tallest mountain in the world?
First answer: Mount Everest
Validation: VALID

---

Question 8: How many chromosomes do humans have?
First answer: Simulated answer for out-of-domain question: How many chromosomes do humans have?
Validation: RETRY: out-of-domain
Making second attempt...
Second answer: Simulated answer for out-of-domain question: How many chromosomes do humans have?
Second validation: RETRY: out-of-domain

---

Question 9: Which element has the atomic number 1?
First answer: Hydrogen
Validation: VALID

---

Question 10: Who wrote 'Romeo and Juliet'?
First answer: Simulated incorrect answer for: Who wrote 'Romeo and Juliet'?
Validation: RETRY: answer differs from KB (expected: William Shakespeare)
Making second attempt...
Second answer: Simulated incorrect answer for: Who wrote 'Romeo and Juliet'?
Second validation: RETRY: answer differs from KB (expected: William Shakespeare)

---

Question 11: What is the chemical symbol for gold?
First answer: Au
Validation: VALID

---

Question 12: What is the capital of France?
First answer: Paris
Validation: VALID

---

Question 13: What is the speed of light?
First answer: Simulated answer for out-of-domain question: What is the speed of light?
Validation: RETRY: out-of-domain
Making second attempt...
Second answer: Simulated answer for out-of-domain question: What is the speed of light?
Second validation: RETRY: out-of-domain

---

Question 14: What is the largest planet in our solar system?
First answer: Jupiter
Validation: VALID

---

Question 15: What year was the internet invented?
First answer: Simulated answer for out-of-domain question: What year was the internet invented?
Validation: RETRY: out-of-domain
Making second attempt...
Second answer: Simulated answer for out-of-domain question: What year was the internet invented?
Second validation: RETRY: out-of-domain

---

